{"meta": {"format": 3, "version": "7.11.3", "timestamp": "2025-11-15T17:41:20.183308", "branch_coverage": false, "show_contexts": false}, "files": {"src/rock_paper_sync/__init__.py": {"executed_lines": [1, 7, 8, 11, 13], "summary": {"covered_lines": 4, "num_statements": 4, "percent_covered": 100.0, "percent_covered_display": "100.00", "missing_lines": 0, "excluded_lines": 0}, "missing_lines": [], "excluded_lines": [], "functions": {"": {"executed_lines": [1, 7, 8, 11, 13], "summary": {"covered_lines": 4, "num_statements": 4, "percent_covered": 100.0, "percent_covered_display": "100.00", "missing_lines": 0, "excluded_lines": 0}, "missing_lines": [], "excluded_lines": []}}, "classes": {"": {"executed_lines": [1, 7, 8, 11, 13], "summary": {"covered_lines": 4, "num_statements": 4, "percent_covered": 100.0, "percent_covered_display": "100.00", "missing_lines": 0, "excluded_lines": 0}, "missing_lines": [], "excluded_lines": []}}}, "src/rock_paper_sync/cli.py": {"executed_lines": [1, 11, 12, 13, 14, 15, 17, 19, 20, 21, 22, 23, 24, 27, 28, 34, 35, 36, 43, 46, 49, 50, 51, 52, 55, 56, 57, 58, 59, 60, 61, 64, 65, 67, 70, 71, 72, 73, 81, 83, 84, 86, 87, 88, 89, 90, 91, 93, 94, 96, 97, 100, 101, 102, 104, 106, 109, 110, 111, 163, 164, 165, 172, 174, 177, 179, 180, 181, 182, 185, 187, 188, 189, 190, 191, 193, 195, 198, 199, 202, 203, 211, 213, 214, 215, 216, 218, 221, 222, 223, 231, 232, 234, 236, 237, 238, 240, 268, 269, 270, 271, 272, 273, 274, 275, 278, 279, 285, 286, 287, 322, 323, 324, 354], "summary": {"covered_lines": 109, "num_statements": 139, "percent_covered": 78.41726618705036, "percent_covered_display": "78.42", "missing_lines": 30, "excluded_lines": 54}, "missing_lines": [302, 303, 305, 307, 308, 309, 311, 312, 313, 314, 315, 316, 317, 318, 319, 334, 335, 337, 339, 340, 341, 342, 344, 345, 346, 347, 348, 349, 350, 351], "excluded_lines": [109, 110, 111, 112, 113, 114, 115, 116, 117, 118, 119, 120, 121, 122, 123, 124, 125, 126, 127, 128, 129, 130, 131, 132, 133, 134, 135, 136, 137, 138, 139, 140, 141, 142, 143, 144, 145, 146, 147, 148, 149, 150, 151, 152, 153, 154, 155, 156, 157, 158, 159, 160, 354, 355], "functions": {"main": {"executed_lines": [43, 46, 49, 50, 51, 52, 55, 56, 57, 58, 59, 60, 61, 64, 65, 67], "summary": {"covered_lines": 16, "num_statements": 16, "percent_covered": 100.0, "percent_covered_display": "100.00", "missing_lines": 0, "excluded_lines": 0}, "missing_lines": [], "excluded_lines": []}, "sync": {"executed_lines": [81, 83, 84, 86, 87, 88, 89, 90, 91, 93, 94, 96, 97, 100, 101, 102, 104, 106], "summary": {"covered_lines": 18, "num_statements": 18, "percent_covered": 100.0, "percent_covered_display": "100.00", "missing_lines": 0, "excluded_lines": 0}, "missing_lines": [], "excluded_lines": []}, "watch": {"executed_lines": [], "summary": {"covered_lines": 0, "num_statements": 0, "percent_covered": 100.0, "percent_covered_display": "100.00", "missing_lines": 0, "excluded_lines": 38}, "missing_lines": [], "excluded_lines": [112, 113, 114, 115, 116, 117, 118, 119, 120, 121, 122, 123, 124, 131, 132, 133, 134, 135, 136, 137, 143, 144, 145, 146, 147, 148, 149, 150, 151, 152, 153, 154, 155, 156, 157, 158, 159, 160]}, "watch.on_file_change": {"executed_lines": [], "summary": {"covered_lines": 0, "num_statements": 0, "percent_covered": 100.0, "percent_covered_display": "100.00", "missing_lines": 0, "excluded_lines": 6}, "missing_lines": [], "excluded_lines": [125, 126, 127, 128, 129, 130]}, "watch.shutdown": {"executed_lines": [], "summary": {"covered_lines": 0, "num_statements": 0, "percent_covered": 100.0, "percent_covered_display": "100.00", "missing_lines": 0, "excluded_lines": 5}, "missing_lines": [], "excluded_lines": [138, 139, 140, 141, 142]}, "status": {"executed_lines": [172, 174, 177, 179, 180, 181, 182, 185, 187, 188, 189, 190, 191, 193, 195], "summary": {"covered_lines": 15, "num_statements": 15, "percent_covered": 100.0, "percent_covered_display": "100.00", "missing_lines": 0, "excluded_lines": 0}, "missing_lines": [], "excluded_lines": []}, "reset": {"executed_lines": [211, 213, 214, 215, 216, 218], "summary": {"covered_lines": 6, "num_statements": 6, "percent_covered": 100.0, "percent_covered_display": "100.00", "missing_lines": 0, "excluded_lines": 0}, "missing_lines": [], "excluded_lines": []}, "init": {"executed_lines": [231, 232, 234, 236, 237, 238, 240, 268, 269, 270, 271, 272, 273, 274, 275], "summary": {"covered_lines": 15, "num_statements": 15, "percent_covered": 100.0, "percent_covered_display": "100.00", "missing_lines": 0, "excluded_lines": 0}, "missing_lines": [], "excluded_lines": []}, "register": {"executed_lines": [], "summary": {"covered_lines": 0, "num_statements": 15, "percent_covered": 0.0, "percent_covered_display": "0.00", "missing_lines": 15, "excluded_lines": 0}, "missing_lines": [302, 303, 305, 307, 308, 309, 311, 312, 313, 314, 315, 316, 317, 318, 319], "excluded_lines": []}, "trigger_sync": {"executed_lines": [], "summary": {"covered_lines": 0, "num_statements": 15, "percent_covered": 0.0, "percent_covered_display": "0.00", "missing_lines": 15, "excluded_lines": 0}, "missing_lines": [334, 335, 337, 339, 340, 341, 342, 344, 345, 346, 347, 348, 349, 350, 351], "excluded_lines": []}, "": {"executed_lines": [1, 11, 12, 13, 14, 15, 17, 19, 20, 21, 22, 23, 24, 27, 28, 34, 35, 36, 70, 71, 72, 73, 109, 110, 111, 163, 164, 165, 198, 199, 202, 203, 221, 222, 223, 278, 279, 285, 286, 287, 322, 323, 324, 354], "summary": {"covered_lines": 39, "num_statements": 39, "percent_covered": 100.0, "percent_covered_display": "100.00", "missing_lines": 0, "excluded_lines": 5}, "missing_lines": [], "excluded_lines": [109, 110, 111, 354, 355]}}, "classes": {"": {"executed_lines": [1, 11, 12, 13, 14, 15, 17, 19, 20, 21, 22, 23, 24, 27, 28, 34, 35, 36, 43, 46, 49, 50, 51, 52, 55, 56, 57, 58, 59, 60, 61, 64, 65, 67, 70, 71, 72, 73, 81, 83, 84, 86, 87, 88, 89, 90, 91, 93, 94, 96, 97, 100, 101, 102, 104, 106, 109, 110, 111, 163, 164, 165, 172, 174, 177, 179, 180, 181, 182, 185, 187, 188, 189, 190, 191, 193, 195, 198, 199, 202, 203, 211, 213, 214, 215, 216, 218, 221, 222, 223, 231, 232, 234, 236, 237, 238, 240, 268, 269, 270, 271, 272, 273, 274, 275, 278, 279, 285, 286, 287, 322, 323, 324, 354], "summary": {"covered_lines": 109, "num_statements": 139, "percent_covered": 78.41726618705036, "percent_covered_display": "78.42", "missing_lines": 30, "excluded_lines": 54}, "missing_lines": [302, 303, 305, 307, 308, 309, 311, 312, 313, 314, 315, 316, 317, 318, 319, 334, 335, 337, 339, 340, 341, 342, 344, 345, 346, 347, 348, 349, 350, 351], "excluded_lines": [109, 110, 111, 112, 113, 114, 115, 116, 117, 118, 119, 120, 121, 122, 123, 124, 125, 126, 127, 128, 129, 130, 131, 132, 133, 134, 135, 136, 137, 138, 139, 140, 141, 142, 143, 144, 145, 146, 147, 148, 149, 150, 151, 152, 153, 154, 155, 156, 157, 158, 159, 160, 354, 355]}}}, "src/rock_paper_sync/config.py": {"executed_lines": [1, 6, 7, 8, 9, 10, 13, 14, 24, 25, 27, 30, 31, 32, 34, 35, 36, 37, 38, 41, 42, 43, 45, 46, 47, 48, 49, 52, 53, 54, 56, 59, 60, 61, 63, 64, 65, 66, 67, 70, 84, 86, 89, 101, 102, 104, 105, 106, 107, 108, 110, 112, 113, 114, 116, 117, 119, 120, 121, 122, 125, 126, 127, 129, 130, 131, 134, 135, 136, 138, 139, 140, 141, 142, 145, 146, 147, 149, 150, 152, 153, 156, 164, 173, 174, 175, 177, 178, 181, 183, 191, 193, 194, 195, 196, 199, 209, 210, 215, 216, 220, 221, 229, 230, 231, 232, 233, 234, 239, 240, 246, 247, 248, 249, 250, 251, 255, 256, 262, 263, 267, 268, 272, 273, 274, 275, 278, 279, 280, 286, 287], "summary": {"covered_lines": 125, "num_statements": 126, "percent_covered": 99.2063492063492, "percent_covered_display": "99.21", "missing_lines": 1, "excluded_lines": 5}, "missing_lines": [179], "excluded_lines": [15, 16, 17, 18, 19], "functions": {"expand_path": {"executed_lines": [84, 86], "summary": {"covered_lines": 2, "num_statements": 2, "percent_covered": 100.0, "percent_covered_display": "100.00", "missing_lines": 0, "excluded_lines": 0}, "missing_lines": [], "excluded_lines": []}, "load_config": {"executed_lines": [101, 102, 104, 105, 106, 107, 108, 110, 112, 113, 114, 116, 117, 119, 120, 121, 122, 125, 126, 127, 129, 130, 131, 134, 135, 136, 138, 139, 140, 141, 142, 145, 146, 147, 149, 150, 152, 153, 156, 164, 173, 174, 175, 177, 178, 181, 183, 191, 193, 194, 195, 196], "summary": {"covered_lines": 52, "num_statements": 53, "percent_covered": 98.11320754716981, "percent_covered_display": "98.11", "missing_lines": 1, "excluded_lines": 0}, "missing_lines": [179], "excluded_lines": []}, "validate_config": {"executed_lines": [209, 210, 215, 216, 220, 221, 229, 230, 231, 232, 233, 234, 239, 240, 246, 247, 248, 249, 250, 251, 255, 256, 262, 263, 267, 268, 272, 273, 274, 275, 278, 279, 280, 286, 287], "summary": {"covered_lines": 35, "num_statements": 35, "percent_covered": 100.0, "percent_covered_display": "100.00", "missing_lines": 0, "excluded_lines": 0}, "missing_lines": [], "excluded_lines": []}, "": {"executed_lines": [1, 6, 7, 8, 9, 10, 13, 14, 24, 25, 27, 30, 31, 32, 34, 35, 36, 37, 38, 41, 42, 43, 45, 46, 47, 48, 49, 52, 53, 54, 56, 59, 60, 61, 63, 64, 65, 66, 67, 70, 89, 199], "summary": {"covered_lines": 36, "num_statements": 36, "percent_covered": 100.0, "percent_covered_display": "100.00", "missing_lines": 0, "excluded_lines": 5}, "missing_lines": [], "excluded_lines": [15, 16, 17, 18, 19]}}, "classes": {"ConfigError": {"executed_lines": [], "summary": {"covered_lines": 0, "num_statements": 0, "percent_covered": 100.0, "percent_covered_display": "100.00", "missing_lines": 0, "excluded_lines": 0}, "missing_lines": [], "excluded_lines": []}, "SyncConfig": {"executed_lines": [], "summary": {"covered_lines": 0, "num_statements": 0, "percent_covered": 100.0, "percent_covered_display": "100.00", "missing_lines": 0, "excluded_lines": 0}, "missing_lines": [], "excluded_lines": []}, "LayoutConfig": {"executed_lines": [], "summary": {"covered_lines": 0, "num_statements": 0, "percent_covered": 100.0, "percent_covered_display": "100.00", "missing_lines": 0, "excluded_lines": 0}, "missing_lines": [], "excluded_lines": []}, "CloudConfig": {"executed_lines": [], "summary": {"covered_lines": 0, "num_statements": 0, "percent_covered": 100.0, "percent_covered_display": "100.00", "missing_lines": 0, "excluded_lines": 0}, "missing_lines": [], "excluded_lines": []}, "AppConfig": {"executed_lines": [], "summary": {"covered_lines": 0, "num_statements": 0, "percent_covered": 100.0, "percent_covered_display": "100.00", "missing_lines": 0, "excluded_lines": 0}, "missing_lines": [], "excluded_lines": []}, "": {"executed_lines": [1, 6, 7, 8, 9, 10, 13, 14, 24, 25, 27, 30, 31, 32, 34, 35, 36, 37, 38, 41, 42, 43, 45, 46, 47, 48, 49, 52, 53, 54, 56, 59, 60, 61, 63, 64, 65, 66, 67, 70, 84, 86, 89, 101, 102, 104, 105, 106, 107, 108, 110, 112, 113, 114, 116, 117, 119, 120, 121, 122, 125, 126, 127, 129, 130, 131, 134, 135, 136, 138, 139, 140, 141, 142, 145, 146, 147, 149, 150, 152, 153, 156, 164, 173, 174, 175, 177, 178, 181, 183, 191, 193, 194, 195, 196, 199, 209, 210, 215, 216, 220, 221, 229, 230, 231, 232, 233, 234, 239, 240, 246, 247, 248, 249, 250, 251, 255, 256, 262, 263, 267, 268, 272, 273, 274, 275, 278, 279, 280, 286, 287], "summary": {"covered_lines": 125, "num_statements": 126, "percent_covered": 99.2063492063492, "percent_covered_display": "99.21", "missing_lines": 1, "excluded_lines": 5}, "missing_lines": [179], "excluded_lines": [15, 16, 17, 18, 19]}}}, "src/rock_paper_sync/converter.py": {"executed_lines": [1, 12, 13, 14, 15, 16, 17, 18, 20, 21, 22, 23, 24, 25, 27, 30, 31, 32, 42, 43, 44, 45, 46, 49, 50, 59, 77, 78, 79, 82, 83, 84, 87, 88, 89, 93, 94, 101, 103, 120, 122, 123, 129, 130, 137, 138, 141, 146, 148, 149, 150, 158, 161, 162, 164, 165, 167, 168, 171, 173, 178, 184, 192, 200, 201, 205, 209, 216, 217, 218, 219, 221, 231, 232, 233, 234, 235, 236, 237, 243, 255, 257, 258, 259, 260, 263, 269, 271, 272, 273, 274, 276, 277, 279, 281, 298, 300, 302, 304, 305, 308, 309, 310, 313, 315, 316, 319, 320, 321, 322, 323, 325, 327, 336], "summary": {"covered_lines": 111, "num_statements": 119, "percent_covered": 93.27731092436974, "percent_covered_display": "93.28", "missing_lines": 8, "excluded_lines": 0}, "missing_lines": [95, 96, 99, 169, 238, 239, 240, 241], "excluded_lines": [], "functions": {"SyncEngine.__init__": {"executed_lines": [77, 78, 79, 82, 83, 84, 87, 88, 89, 93, 94, 101], "summary": {"covered_lines": 12, "num_statements": 15, "percent_covered": 80.0, "percent_covered_display": "80.00", "missing_lines": 3, "excluded_lines": 0}, "missing_lines": [95, 96, 99], "excluded_lines": []}, "SyncEngine.sync_file": {"executed_lines": [120, 122, 123, 129, 130, 137, 138, 141, 146, 148, 149, 150, 158, 161, 162, 164, 165, 167, 168, 171, 173, 178, 184, 192, 200, 201, 205, 209, 216, 217, 218, 219], "summary": {"covered_lines": 32, "num_statements": 33, "percent_covered": 96.96969696969697, "percent_covered_display": "96.97", "missing_lines": 1, "excluded_lines": 0}, "missing_lines": [169], "excluded_lines": []}, "SyncEngine.delete_file": {"executed_lines": [231, 232, 233, 234, 235, 236, 237], "summary": {"covered_lines": 7, "num_statements": 11, "percent_covered": 63.63636363636363, "percent_covered_display": "63.64", "missing_lines": 4, "excluded_lines": 0}, "missing_lines": [238, 239, 240, 241], "excluded_lines": []}, "SyncEngine.sync_all_changed": {"executed_lines": [255, 257, 258, 259, 260, 263, 269, 271, 272, 273, 274, 276, 277, 279], "summary": {"covered_lines": 14, "num_statements": 14, "percent_covered": 100.0, "percent_covered_display": "100.00", "missing_lines": 0, "excluded_lines": 0}, "missing_lines": [], "excluded_lines": []}, "SyncEngine.ensure_folder_hierarchy": {"executed_lines": [298, 300, 302, 304, 305, 308, 309, 310, 313, 315, 316, 319, 320, 321, 322, 323, 325], "summary": {"covered_lines": 17, "num_statements": 17, "percent_covered": 100.0, "percent_covered_display": "100.00", "missing_lines": 0, "excluded_lines": 0}, "missing_lines": [], "excluded_lines": []}, "SyncEngine._create_rm_folder": {"executed_lines": [336], "summary": {"covered_lines": 1, "num_statements": 1, "percent_covered": 100.0, "percent_covered_display": "100.00", "missing_lines": 0, "excluded_lines": 0}, "missing_lines": [], "excluded_lines": []}, "": {"executed_lines": [1, 12, 13, 14, 15, 16, 17, 18, 20, 21, 22, 23, 24, 25, 27, 30, 31, 32, 42, 43, 44, 45, 46, 49, 50, 59, 103, 221, 243, 281, 327], "summary": {"covered_lines": 28, "num_statements": 28, "percent_covered": 100.0, "percent_covered_display": "100.00", "missing_lines": 0, "excluded_lines": 0}, "missing_lines": [], "excluded_lines": []}}, "classes": {"SyncResult": {"executed_lines": [], "summary": {"covered_lines": 0, "num_statements": 0, "percent_covered": 100.0, "percent_covered_display": "100.00", "missing_lines": 0, "excluded_lines": 0}, "missing_lines": [], "excluded_lines": []}, "SyncEngine": {"executed_lines": [77, 78, 79, 82, 83, 84, 87, 88, 89, 93, 94, 101, 120, 122, 123, 129, 130, 137, 138, 141, 146, 148, 149, 150, 158, 161, 162, 164, 165, 167, 168, 171, 173, 178, 184, 192, 200, 201, 205, 209, 216, 217, 218, 219, 231, 232, 233, 234, 235, 236, 237, 255, 257, 258, 259, 260, 263, 269, 271, 272, 273, 274, 276, 277, 279, 298, 300, 302, 304, 305, 308, 309, 310, 313, 315, 316, 319, 320, 321, 322, 323, 325, 336], "summary": {"covered_lines": 83, "num_statements": 91, "percent_covered": 91.20879120879121, "percent_covered_display": "91.21", "missing_lines": 8, "excluded_lines": 0}, "missing_lines": [95, 96, 99, 169, 238, 239, 240, 241], "excluded_lines": []}, "": {"executed_lines": [1, 12, 13, 14, 15, 16, 17, 18, 20, 21, 22, 23, 24, 25, 27, 30, 31, 32, 42, 43, 44, 45, 46, 49, 50, 59, 103, 221, 243, 281, 327], "summary": {"covered_lines": 28, "num_statements": 28, "percent_covered": 100.0, "percent_covered_display": "100.00", "missing_lines": 0, "excluded_lines": 0}, "missing_lines": [], "excluded_lines": []}}}, "src/rock_paper_sync/generator.py": {"executed_lines": [1, 8, 9, 10, 11, 12, 13, 14, 16, 18, 19, 21, 24, 25, 26, 36, 37, 38, 39, 40, 43, 44, 45, 52, 53, 56, 57, 58, 68, 69, 70, 71, 72, 75, 76, 91, 92, 93, 94, 96, 102, 103, 104, 105, 106, 108, 110, 135, 136, 137, 140, 143, 144, 146, 150, 151, 153, 154, 156, 161, 169, 188, 190, 192, 193, 194, 196, 197, 200, 201, 202, 203, 204, 205, 208, 209, 210, 211, 212, 214, 215, 218, 219, 221, 226, 228, 237, 238, 241, 244, 247, 248, 249, 251, 254, 255, 256, 257, 258, 260, 262, 264, 276, 277, 279, 280, 282, 283, 285, 286, 291, 292, 294, 295, 296, 297, 300, 311, 312, 314, 316, 335, 337, 338, 341, 344, 345, 346, 348, 354], "summary": {"covered_lines": 125, "num_statements": 127, "percent_covered": 98.4251968503937, "percent_covered_display": "98.43", "missing_lines": 2, "excluded_lines": 0}, "missing_lines": [147, 148], "excluded_lines": [], "functions": {"RemarkableGenerator.__init__": {"executed_lines": [102, 103, 104, 105, 106, 108], "summary": {"covered_lines": 6, "num_statements": 6, "percent_covered": 100.0, "percent_covered_display": "100.00", "missing_lines": 0, "excluded_lines": 0}, "missing_lines": [], "excluded_lines": []}, "RemarkableGenerator.generate_document": {"executed_lines": [135, 136, 137, 140, 143, 144, 146, 150, 151, 153, 154, 156, 161], "summary": {"covered_lines": 13, "num_statements": 15, "percent_covered": 86.66666666666667, "percent_covered_display": "86.67", "missing_lines": 2, "excluded_lines": 0}, "missing_lines": [147, 148], "excluded_lines": []}, "RemarkableGenerator.paginate_content": {"executed_lines": [188, 190, 192, 193, 194, 196, 197, 200, 201, 202, 203, 204, 205, 208, 209, 210, 211, 212, 214, 215, 218, 219, 221, 226], "summary": {"covered_lines": 24, "num_statements": 24, "percent_covered": 100.0, "percent_covered_display": "100.00", "missing_lines": 0, "excluded_lines": 0}, "missing_lines": [], "excluded_lines": []}, "RemarkableGenerator.estimate_block_lines": {"executed_lines": [237, 238, 241, 244, 247, 248, 249, 251, 254, 255, 256, 257, 258, 260, 262], "summary": {"covered_lines": 15, "num_statements": 15, "percent_covered": 100.0, "percent_covered_display": "100.00", "missing_lines": 0, "excluded_lines": 0}, "missing_lines": [], "excluded_lines": []}, "RemarkableGenerator.blocks_to_text_items": {"executed_lines": [276, 277, 279, 280, 282, 283, 285, 286, 291, 292, 294, 295, 296, 297, 300, 311, 312, 314], "summary": {"covered_lines": 18, "num_statements": 18, "percent_covered": 100.0, "percent_covered_display": "100.00", "missing_lines": 0, "excluded_lines": 0}, "missing_lines": [], "excluded_lines": []}, "RemarkableGenerator.generate_rm_file": {"executed_lines": [335, 337, 338, 341, 344, 345, 346, 348, 354], "summary": {"covered_lines": 9, "num_statements": 9, "percent_covered": 100.0, "percent_covered_display": "100.00", "missing_lines": 0, "excluded_lines": 0}, "missing_lines": [], "excluded_lines": []}, "": {"executed_lines": [1, 8, 9, 10, 11, 12, 13, 14, 16, 18, 19, 21, 24, 25, 26, 36, 37, 38, 39, 40, 43, 44, 45, 52, 53, 56, 57, 58, 68, 69, 70, 71, 72, 75, 76, 91, 92, 93, 94, 96, 110, 169, 228, 264, 316], "summary": {"covered_lines": 40, "num_statements": 40, "percent_covered": 100.0, "percent_covered_display": "100.00", "missing_lines": 0, "excluded_lines": 0}, "missing_lines": [], "excluded_lines": []}}, "classes": {"TextItem": {"executed_lines": [], "summary": {"covered_lines": 0, "num_statements": 0, "percent_covered": 100.0, "percent_covered_display": "100.00", "missing_lines": 0, "excluded_lines": 0}, "missing_lines": [], "excluded_lines": []}, "RemarkablePage": {"executed_lines": [], "summary": {"covered_lines": 0, "num_statements": 0, "percent_covered": 100.0, "percent_covered_display": "100.00", "missing_lines": 0, "excluded_lines": 0}, "missing_lines": [], "excluded_lines": []}, "RemarkableDocument": {"executed_lines": [], "summary": {"covered_lines": 0, "num_statements": 0, "percent_covered": 100.0, "percent_covered_display": "100.00", "missing_lines": 0, "excluded_lines": 0}, "missing_lines": [], "excluded_lines": []}, "RemarkableGenerator": {"executed_lines": [102, 103, 104, 105, 106, 108, 135, 136, 137, 140, 143, 144, 146, 150, 151, 153, 154, 156, 161, 188, 190, 192, 193, 194, 196, 197, 200, 201, 202, 203, 204, 205, 208, 209, 210, 211, 212, 214, 215, 218, 219, 221, 226, 237, 238, 241, 244, 247, 248, 249, 251, 254, 255, 256, 257, 258, 260, 262, 276, 277, 279, 280, 282, 283, 285, 286, 291, 292, 294, 295, 296, 297, 300, 311, 312, 314, 335, 337, 338, 341, 344, 345, 346, 348, 354], "summary": {"covered_lines": 85, "num_statements": 87, "percent_covered": 97.70114942528735, "percent_covered_display": "97.70", "missing_lines": 2, "excluded_lines": 0}, "missing_lines": [147, 148], "excluded_lines": []}, "": {"executed_lines": [1, 8, 9, 10, 11, 12, 13, 14, 16, 18, 19, 21, 24, 25, 26, 36, 37, 38, 39, 40, 43, 44, 45, 52, 53, 56, 57, 58, 68, 69, 70, 71, 72, 75, 76, 91, 92, 93, 94, 96, 110, 169, 228, 264, 316], "summary": {"covered_lines": 40, "num_statements": 40, "percent_covered": 100.0, "percent_covered_display": "100.00", "missing_lines": 0, "excluded_lines": 0}, "missing_lines": [], "excluded_lines": []}}}, "src/rock_paper_sync/logging_setup.py": {"executed_lines": [1, 6, 7, 10, 25, 28, 29, 32, 35, 36, 37, 38, 41, 42, 43, 47, 50, 51, 54, 57], "summary": {"covered_lines": 19, "num_statements": 19, "percent_covered": 100.0, "percent_covered_display": "100.00", "missing_lines": 0, "excluded_lines": 0}, "missing_lines": [], "excluded_lines": [], "functions": {"setup_logging": {"executed_lines": [25, 28, 29, 32, 35, 36, 37, 38, 41, 42, 43, 47, 50, 51, 54, 57], "summary": {"covered_lines": 16, "num_statements": 16, "percent_covered": 100.0, "percent_covered_display": "100.00", "missing_lines": 0, "excluded_lines": 0}, "missing_lines": [], "excluded_lines": []}, "": {"executed_lines": [1, 6, 7, 10], "summary": {"covered_lines": 3, "num_statements": 3, "percent_covered": 100.0, "percent_covered_display": "100.00", "missing_lines": 0, "excluded_lines": 0}, "missing_lines": [], "excluded_lines": []}}, "classes": {"": {"executed_lines": [1, 6, 7, 10, 25, 28, 29, 32, 35, 36, 37, 38, 41, 42, 43, 47, 50, 51, 54, 57], "summary": {"covered_lines": 19, "num_statements": 19, "percent_covered": 100.0, "percent_covered_display": "100.00", "missing_lines": 0, "excluded_lines": 0}, "missing_lines": [], "excluded_lines": []}}}, "src/rock_paper_sync/metadata.py": {"executed_lines": [1, 10, 11, 14, 27, 30, 50, 66, 82, 109, 122, 132, 147, 148], "summary": {"covered_lines": 13, "num_statements": 13, "percent_covered": 100.0, "percent_covered_display": "100.00", "missing_lines": 0, "excluded_lines": 0}, "missing_lines": [], "excluded_lines": [], "functions": {"current_rm_timestamp": {"executed_lines": [27], "summary": {"covered_lines": 1, "num_statements": 1, "percent_covered": 100.0, "percent_covered_display": "100.00", "missing_lines": 0, "excluded_lines": 0}, "missing_lines": [], "excluded_lines": []}, "generate_document_metadata": {"executed_lines": [50], "summary": {"covered_lines": 1, "num_statements": 1, "percent_covered": 100.0, "percent_covered_display": "100.00", "missing_lines": 0, "excluded_lines": 0}, "missing_lines": [], "excluded_lines": []}, "generate_content_metadata": {"executed_lines": [82], "summary": {"covered_lines": 1, "num_statements": 1, "percent_covered": 100.0, "percent_covered_display": "100.00", "missing_lines": 0, "excluded_lines": 0}, "missing_lines": [], "excluded_lines": []}, "generate_page_metadata": {"executed_lines": [122], "summary": {"covered_lines": 1, "num_statements": 1, "percent_covered": 100.0, "percent_covered_display": "100.00", "missing_lines": 0, "excluded_lines": 0}, "missing_lines": [], "excluded_lines": []}, "generate_folder_metadata": {"executed_lines": [147, 148], "summary": {"covered_lines": 2, "num_statements": 2, "percent_covered": 100.0, "percent_covered_display": "100.00", "missing_lines": 0, "excluded_lines": 0}, "missing_lines": [], "excluded_lines": []}, "": {"executed_lines": [1, 10, 11, 14, 30, 66, 109, 132], "summary": {"covered_lines": 7, "num_statements": 7, "percent_covered": 100.0, "percent_covered_display": "100.00", "missing_lines": 0, "excluded_lines": 0}, "missing_lines": [], "excluded_lines": []}}, "classes": {"": {"executed_lines": [1, 10, 11, 14, 27, 30, 50, 66, 82, 109, 122, 132, 147, 148], "summary": {"covered_lines": 13, "num_statements": 13, "percent_covered": 100.0, "percent_covered_display": "100.00", "missing_lines": 0, "excluded_lines": 0}, "missing_lines": [], "excluded_lines": []}}}, "src/rock_paper_sync/parser.py": {"executed_lines": [1, 8, 9, 10, 11, 12, 13, 14, 16, 17, 19, 22, 23, 25, 26, 27, 28, 29, 30, 33, 34, 36, 37, 38, 39, 40, 43, 44, 45, 54, 55, 56, 57, 60, 61, 62, 72, 73, 74, 75, 76, 79, 80, 81, 92, 93, 94, 95, 96, 97, 100, 113, 116, 119, 122, 125, 126, 128, 131, 134, 136, 141, 151, 163, 164, 168, 169, 170, 173, 174, 175, 176, 177, 179, 181, 182, 185, 186, 187, 190, 191, 192, 193, 194, 195, 196, 197, 199, 202, 211, 212, 215, 216, 217, 218, 219, 220, 223, 224, 225, 226, 228, 229, 231, 233, 236, 248, 250, 251, 252, 256, 257, 258, 259, 263, 265, 266, 268, 269, 271, 273, 274, 275, 277, 280, 288, 290, 291, 292, 296, 298, 300, 301, 303, 304, 305, 309, 311, 312, 314, 315, 316, 319, 323, 324, 329, 330, 333, 347, 348, 349, 351, 352, 354, 356, 357, 358, 360, 362, 363, 366, 369, 376, 377, 386, 388, 390, 391, 394, 397, 406, 407, 416, 418, 420, 421, 422, 424, 430, 432, 434, 435, 438, 441, 442, 445, 455, 456, 465, 467, 469, 470, 471, 472, 474, 476, 477, 480, 482, 490, 500, 502, 504, 505, 509, 511, 514, 534, 535, 537, 540, 542, 544, 545, 549, 550, 552], "summary": {"covered_lines": 210, "num_statements": 210, "percent_covered": 100.0, "percent_covered_display": "100.00", "missing_lines": 0, "excluded_lines": 4}, "missing_lines": [], "excluded_lines": [293, 294, 490, 491], "functions": {"parse_markdown_file": {"executed_lines": [113, 116, 119, 122, 125, 126, 128, 131, 134, 136, 141], "summary": {"covered_lines": 11, "num_statements": 11, "percent_covered": 100.0, "percent_covered_display": "100.00", "missing_lines": 0, "excluded_lines": 0}, "missing_lines": [], "excluded_lines": []}, "extract_frontmatter": {"executed_lines": [163, 164, 168, 169, 170, 173, 174, 175, 176, 177, 179, 181, 182, 185, 186, 187, 190, 191, 192, 193, 194, 195, 196, 197, 199], "summary": {"covered_lines": 25, "num_statements": 25, "percent_covered": 100.0, "percent_covered_display": "100.00", "missing_lines": 0, "excluded_lines": 0}, "missing_lines": [], "excluded_lines": []}, "parse_content": {"executed_lines": [211, 212, 215, 216, 217, 218, 219, 220, 223, 224, 225, 226, 228, 229, 231, 233], "summary": {"covered_lines": 16, "num_statements": 16, "percent_covered": 100.0, "percent_covered_display": "100.00", "missing_lines": 0, "excluded_lines": 0}, "missing_lines": [], "excluded_lines": []}, "ast_node_to_block": {"executed_lines": [248, 250, 251, 252, 256, 257, 258, 259, 263, 265, 266, 268, 269, 271, 273, 274, 275, 277, 280, 288, 290, 291, 292, 296, 298, 300, 301, 303, 304, 305, 309, 311, 312, 314, 315, 316, 319, 323, 324, 329, 330], "summary": {"covered_lines": 41, "num_statements": 41, "percent_covered": 100.0, "percent_covered_display": "100.00", "missing_lines": 0, "excluded_lines": 2}, "missing_lines": [], "excluded_lines": [293, 294]}, "extract_text_and_formatting": {"executed_lines": [347, 348, 349, 351, 352, 354, 356, 357, 358, 360, 362, 363, 366, 369, 376, 377, 386, 388, 390, 391, 394, 397, 406, 407, 416, 418, 420, 421, 422, 424, 430, 432, 434, 435, 438, 441, 442, 445, 455, 456, 465, 467, 469, 470, 471, 472, 474, 476, 477, 480, 482, 490, 500, 502, 504, 505, 509, 511], "summary": {"covered_lines": 57, "num_statements": 57, "percent_covered": 100.0, "percent_covered_display": "100.00", "missing_lines": 0, "excluded_lines": 2}, "missing_lines": [], "excluded_lines": [490, 491]}, "visualize_formatting": {"executed_lines": [534, 535, 537, 540, 542, 544, 545, 549, 550, 552], "summary": {"covered_lines": 10, "num_statements": 10, "percent_covered": 100.0, "percent_covered_display": "100.00", "missing_lines": 0, "excluded_lines": 0}, "missing_lines": [], "excluded_lines": []}, "": {"executed_lines": [1, 8, 9, 10, 11, 12, 13, 14, 16, 17, 19, 22, 23, 25, 26, 27, 28, 29, 30, 33, 34, 36, 37, 38, 39, 40, 43, 44, 45, 54, 55, 56, 57, 60, 61, 62, 72, 73, 74, 75, 76, 79, 80, 81, 92, 93, 94, 95, 96, 97, 100, 151, 202, 236, 333, 514], "summary": {"covered_lines": 50, "num_statements": 50, "percent_covered": 100.0, "percent_covered_display": "100.00", "missing_lines": 0, "excluded_lines": 0}, "missing_lines": [], "excluded_lines": []}}, "classes": {"BlockType": {"executed_lines": [], "summary": {"covered_lines": 0, "num_statements": 0, "percent_covered": 100.0, "percent_covered_display": "100.00", "missing_lines": 0, "excluded_lines": 0}, "missing_lines": [], "excluded_lines": []}, "FormatStyle": {"executed_lines": [], "summary": {"covered_lines": 0, "num_statements": 0, "percent_covered": 100.0, "percent_covered_display": "100.00", "missing_lines": 0, "excluded_lines": 0}, "missing_lines": [], "excluded_lines": []}, "TextFormat": {"executed_lines": [], "summary": {"covered_lines": 0, "num_statements": 0, "percent_covered": 100.0, "percent_covered_display": "100.00", "missing_lines": 0, "excluded_lines": 0}, "missing_lines": [], "excluded_lines": []}, "ContentBlock": {"executed_lines": [], "summary": {"covered_lines": 0, "num_statements": 0, "percent_covered": 100.0, "percent_covered_display": "100.00", "missing_lines": 0, "excluded_lines": 0}, "missing_lines": [], "excluded_lines": []}, "MarkdownDocument": {"executed_lines": [], "summary": {"covered_lines": 0, "num_statements": 0, "percent_covered": 100.0, "percent_covered_display": "100.00", "missing_lines": 0, "excluded_lines": 0}, "missing_lines": [], "excluded_lines": []}, "": {"executed_lines": [1, 8, 9, 10, 11, 12, 13, 14, 16, 17, 19, 22, 23, 25, 26, 27, 28, 29, 30, 33, 34, 36, 37, 38, 39, 40, 43, 44, 45, 54, 55, 56, 57, 60, 61, 62, 72, 73, 74, 75, 76, 79, 80, 81, 92, 93, 94, 95, 96, 97, 100, 113, 116, 119, 122, 125, 126, 128, 131, 134, 136, 141, 151, 163, 164, 168, 169, 170, 173, 174, 175, 176, 177, 179, 181, 182, 185, 186, 187, 190, 191, 192, 193, 194, 195, 196, 197, 199, 202, 211, 212, 215, 216, 217, 218, 219, 220, 223, 224, 225, 226, 228, 229, 231, 233, 236, 248, 250, 251, 252, 256, 257, 258, 259, 263, 265, 266, 268, 269, 271, 273, 274, 275, 277, 280, 288, 290, 291, 292, 296, 298, 300, 301, 303, 304, 305, 309, 311, 312, 314, 315, 316, 319, 323, 324, 329, 330, 333, 347, 348, 349, 351, 352, 354, 356, 357, 358, 360, 362, 363, 366, 369, 376, 377, 386, 388, 390, 391, 394, 397, 406, 407, 416, 418, 420, 421, 422, 424, 430, 432, 434, 435, 438, 441, 442, 445, 455, 456, 465, 467, 469, 470, 471, 472, 474, 476, 477, 480, 482, 490, 500, 502, 504, 505, 509, 511, 514, 534, 535, 537, 540, 542, 544, 545, 549, 550, 552], "summary": {"covered_lines": 210, "num_statements": 210, "percent_covered": 100.0, "percent_covered_display": "100.00", "missing_lines": 0, "excluded_lines": 4}, "missing_lines": [], "excluded_lines": [293, 294, 490, 491]}}}, "src/rock_paper_sync/rm_cloud_client.py": {"executed_lines": [1, 3, 4, 5, 6, 7, 9, 11, 14, 15, 16, 18, 19, 20, 23, 24, 26, 38, 39, 40, 41, 43, 45, 46, 47, 48, 53, 57, 71, 113, 124, 127, 128, 130, 131, 137, 166, 168], "summary": {"covered_lines": 35, "num_statements": 68, "percent_covered": 51.470588235294116, "percent_covered_display": "51.47", "missing_lines": 33, "excluded_lines": 0}, "missing_lines": [54, 55, 59, 60, 62, 63, 68, 69, 85, 86, 92, 93, 94, 97, 103, 109, 110, 111, 125, 132, 134, 135, 150, 151, 154, 155, 157, 158, 159, 161, 162, 163, 164], "excluded_lines": [], "functions": {"RmCloudClient.__init__": {"executed_lines": [38, 39, 40, 41], "summary": {"covered_lines": 4, "num_statements": 4, "percent_covered": 100.0, "percent_covered_display": "100.00", "missing_lines": 0, "excluded_lines": 0}, "missing_lines": [], "excluded_lines": []}, "RmCloudClient._load_credentials": {"executed_lines": [45, 46, 47, 48, 53], "summary": {"covered_lines": 5, "num_statements": 7, "percent_covered": 71.42857142857143, "percent_covered_display": "71.43", "missing_lines": 2, "excluded_lines": 0}, "missing_lines": [54, 55], "excluded_lines": []}, "RmCloudClient._save_credentials": {"executed_lines": [], "summary": {"covered_lines": 0, "num_statements": 6, "percent_covered": 0.0, "percent_covered_display": "0.00", "missing_lines": 6, "excluded_lines": 0}, "missing_lines": [59, 60, 62, 63, 68, 69], "excluded_lines": []}, "RmCloudClient.register_device": {"executed_lines": [], "summary": {"covered_lines": 0, "num_statements": 10, "percent_covered": 0.0, "percent_covered_display": "0.00", "missing_lines": 10, "excluded_lines": 0}, "missing_lines": [85, 86, 92, 93, 94, 97, 103, 109, 110, 111], "excluded_lines": []}, "RmCloudClient.get_user_token": {"executed_lines": [124, 127, 128, 130, 131], "summary": {"covered_lines": 5, "num_statements": 9, "percent_covered": 55.55555555555556, "percent_covered_display": "55.56", "missing_lines": 4, "excluded_lines": 0}, "missing_lines": [125, 132, 134, 135], "excluded_lines": []}, "RmCloudClient.trigger_sync": {"executed_lines": [], "summary": {"covered_lines": 0, "num_statements": 11, "percent_covered": 0.0, "percent_covered_display": "0.00", "missing_lines": 11, "excluded_lines": 0}, "missing_lines": [150, 151, 154, 155, 157, 158, 159, 161, 162, 163, 164], "excluded_lines": []}, "RmCloudClient.is_registered": {"executed_lines": [168], "summary": {"covered_lines": 1, "num_statements": 1, "percent_covered": 100.0, "percent_covered_display": "100.00", "missing_lines": 0, "excluded_lines": 0}, "missing_lines": [], "excluded_lines": []}, "": {"executed_lines": [1, 3, 4, 5, 6, 7, 9, 11, 14, 15, 16, 18, 19, 20, 23, 24, 26, 43, 57, 71, 113, 137, 166], "summary": {"covered_lines": 20, "num_statements": 20, "percent_covered": 100.0, "percent_covered_display": "100.00", "missing_lines": 0, "excluded_lines": 0}, "missing_lines": [], "excluded_lines": []}}, "classes": {"DeviceCredentials": {"executed_lines": [], "summary": {"covered_lines": 0, "num_statements": 0, "percent_covered": 100.0, "percent_covered_display": "100.00", "missing_lines": 0, "excluded_lines": 0}, "missing_lines": [], "excluded_lines": []}, "RmCloudClient": {"executed_lines": [38, 39, 40, 41, 45, 46, 47, 48, 53, 124, 127, 128, 130, 131, 168], "summary": {"covered_lines": 15, "num_statements": 48, "percent_covered": 31.25, "percent_covered_display": "31.25", "missing_lines": 33, "excluded_lines": 0}, "missing_lines": [54, 55, 59, 60, 62, 63, 68, 69, 85, 86, 92, 93, 94, 97, 103, 109, 110, 111, 125, 132, 134, 135, 150, 151, 154, 155, 157, 158, 159, 161, 162, 163, 164], "excluded_lines": []}, "": {"executed_lines": [1, 3, 4, 5, 6, 7, 9, 11, 14, 15, 16, 18, 19, 20, 23, 24, 26, 43, 57, 71, 113, 137, 166], "summary": {"covered_lines": 20, "num_statements": 20, "percent_covered": 100.0, "percent_covered_display": "100.00", "missing_lines": 0, "excluded_lines": 0}, "missing_lines": [], "excluded_lines": []}}}, "src/rock_paper_sync/rm_cloud_sync.py": {"executed_lines": [1, 3, 4, 5, 6, 8, 9, 11, 14, 15, 21, 33, 34, 36, 42, 43, 54, 75, 191, 242, 246, 258, 312], "summary": {"covered_lines": 21, "num_statements": 74, "percent_covered": 28.37837837837838, "percent_covered_display": "28.38", "missing_lines": 53, "excluded_lines": 0}, "missing_lines": [37, 46, 51, 52, 58, 59, 73, 90, 91, 93, 94, 95, 99, 103, 122, 125, 126, 127, 128, 129, 130, 133, 136, 139, 141, 153, 158, 160, 189, 210, 213, 216, 219, 224, 227, 230, 231, 234, 240, 244, 256, 274, 277, 280, 281, 295, 298, 301, 304, 310, 322, 323, 324], "excluded_lines": [], "functions": {"RmCloudSync.__init__": {"executed_lines": [33, 34, 36, 42, 43], "summary": {"covered_lines": 5, "num_statements": 9, "percent_covered": 55.55555555555556, "percent_covered_display": "55.56", "missing_lines": 4, "excluded_lines": 0}, "missing_lines": [37, 46, 51, 52], "excluded_lines": []}, "RmCloudSync._create_metadata_file": {"executed_lines": [], "summary": {"covered_lines": 0, "num_statements": 3, "percent_covered": 0.0, "percent_covered_display": "0.00", "missing_lines": 3, "excluded_lines": 0}, "missing_lines": [58, 59, 73], "excluded_lines": []}, "RmCloudSync._create_content_file": {"executed_lines": [], "summary": {"covered_lines": 0, "num_statements": 15, "percent_covered": 0.0, "percent_covered_display": "0.00", "missing_lines": 15, "excluded_lines": 0}, "missing_lines": [90, 91, 93, 94, 95, 99, 103, 122, 136, 139, 141, 153, 158, 160, 189], "excluded_lines": []}, "RmCloudSync._create_content_file.generate_idx": {"executed_lines": [], "summary": {"covered_lines": 0, "num_statements": 7, "percent_covered": 0.0, "percent_covered_display": "0.00", "missing_lines": 7, "excluded_lines": 0}, "missing_lines": [125, 126, 127, 128, 129, 130, 133], "excluded_lines": []}, "RmCloudSync.upload_document": {"executed_lines": [], "summary": {"covered_lines": 0, "num_statements": 10, "percent_covered": 0.0, "percent_covered_display": "0.00", "missing_lines": 10, "excluded_lines": 0}, "missing_lines": [210, 213, 216, 219, 224, 227, 230, 231, 234, 240], "excluded_lines": []}, "RmCloudSync.is_sync_enabled": {"executed_lines": [], "summary": {"covered_lines": 0, "num_statements": 1, "percent_covered": 0.0, "percent_covered_display": "0.00", "missing_lines": 1, "excluded_lines": 0}, "missing_lines": [244], "excluded_lines": []}, "RmCloudSync.get_existing_page_uuids": {"executed_lines": [], "summary": {"covered_lines": 0, "num_statements": 1, "percent_covered": 0.0, "percent_covered_display": "0.00", "missing_lines": 1, "excluded_lines": 0}, "missing_lines": [256], "excluded_lines": []}, "RmCloudSync.upload_folder": {"executed_lines": [], "summary": {"covered_lines": 0, "num_statements": 9, "percent_covered": 0.0, "percent_covered_display": "0.00", "missing_lines": 9, "excluded_lines": 0}, "missing_lines": [274, 277, 280, 281, 295, 298, 301, 304, 310], "excluded_lines": []}, "RmCloudSync.delete_document": {"executed_lines": [], "summary": {"covered_lines": 0, "num_statements": 3, "percent_covered": 0.0, "percent_covered_display": "0.00", "missing_lines": 3, "excluded_lines": 0}, "missing_lines": [322, 323, 324], "excluded_lines": []}, "": {"executed_lines": [1, 3, 4, 5, 6, 8, 9, 11, 14, 15, 21, 54, 75, 191, 242, 246, 258, 312], "summary": {"covered_lines": 16, "num_statements": 16, "percent_covered": 100.0, "percent_covered_display": "100.00", "missing_lines": 0, "excluded_lines": 0}, "missing_lines": [], "excluded_lines": []}}, "classes": {"RmCloudSync": {"executed_lines": [33, 34, 36, 42, 43], "summary": {"covered_lines": 5, "num_statements": 58, "percent_covered": 8.620689655172415, "percent_covered_display": "8.62", "missing_lines": 53, "excluded_lines": 0}, "missing_lines": [37, 46, 51, 52, 58, 59, 73, 90, 91, 93, 94, 95, 99, 103, 122, 125, 126, 127, 128, 129, 130, 133, 136, 139, 141, 153, 158, 160, 189, 210, 213, 216, 219, 224, 227, 230, 231, 234, 240, 244, 256, 274, 277, 280, 281, 295, 298, 301, 304, 310, 322, 323, 324], "excluded_lines": []}, "": {"executed_lines": [1, 3, 4, 5, 6, 8, 9, 11, 14, 15, 21, 54, 75, 191, 242, 246, 258, 312], "summary": {"covered_lines": 16, "num_statements": 16, "percent_covered": 100.0, "percent_covered_display": "100.00", "missing_lines": 0, "excluded_lines": 0}, "missing_lines": [], "excluded_lines": []}}}, "src/rock_paper_sync/state.py": {"executed_lines": [1, 6, 7, 8, 9, 10, 11, 12, 14, 17, 18, 20, 23, 24, 25, 27, 28, 29, 30, 31, 32, 35, 36, 38, 40, 46, 47, 49, 50, 51, 53, 54, 55, 56, 57, 59, 61, 62, 99, 108, 111, 112, 113, 114, 116, 125, 126, 141, 143, 149, 150, 153, 155, 164, 168, 169, 171, 178, 179, 183, 185, 191, 192, 194, 207, 208, 209, 211, 212, 213, 214, 215, 216, 218, 233, 235, 236, 238, 239, 242, 243, 244, 246, 247, 250, 253, 254, 255, 256, 257, 258, 260, 261, 263, 274, 276, 279, 280, 281, 282, 284, 285, 286, 288, 289, 291, 304, 305, 306, 307, 308, 310, 320, 321, 325, 327, 336, 341, 343, 349, 352, 354, 360, 361, 362, 363, 364, 366, 371, 372, 373], "summary": {"covered_lines": 127, "num_statements": 127, "percent_covered": 100.0, "percent_covered_display": "100.00", "missing_lines": 0, "excluded_lines": 0}, "missing_lines": [], "excluded_lines": [], "functions": {"StateManager.__init__": {"executed_lines": [46, 47, 49, 50, 51, 53, 54, 55, 56, 57], "summary": {"covered_lines": 10, "num_statements": 10, "percent_covered": 100.0, "percent_covered_display": "100.00", "missing_lines": 0, "excluded_lines": 0}, "missing_lines": [], "excluded_lines": []}, "StateManager._ensure_schema": {"executed_lines": [61, 62], "summary": {"covered_lines": 2, "num_statements": 2, "percent_covered": 100.0, "percent_covered_display": "100.00", "missing_lines": 0, "excluded_lines": 0}, "missing_lines": [], "excluded_lines": []}, "StateManager.get_file_state": {"executed_lines": [108, 111, 112, 113, 114], "summary": {"covered_lines": 5, "num_statements": 5, "percent_covered": 100.0, "percent_covered_display": "100.00", "missing_lines": 0, "excluded_lines": 0}, "missing_lines": [], "excluded_lines": []}, "StateManager.update_file_state": {"executed_lines": [125, 126, 141], "summary": {"covered_lines": 3, "num_statements": 3, "percent_covered": 100.0, "percent_covered_display": "100.00", "missing_lines": 0, "excluded_lines": 0}, "missing_lines": [], "excluded_lines": []}, "StateManager.delete_file_state": {"executed_lines": [149, 150, 153], "summary": {"covered_lines": 3, "num_statements": 3, "percent_covered": 100.0, "percent_covered_display": "100.00", "missing_lines": 0, "excluded_lines": 0}, "missing_lines": [], "excluded_lines": []}, "StateManager.get_folder_uuid": {"executed_lines": [164, 168, 169], "summary": {"covered_lines": 3, "num_statements": 3, "percent_covered": 100.0, "percent_covered_display": "100.00", "missing_lines": 0, "excluded_lines": 0}, "missing_lines": [], "excluded_lines": []}, "StateManager.create_folder_mapping": {"executed_lines": [178, 179, 183], "summary": {"covered_lines": 3, "num_statements": 3, "percent_covered": 100.0, "percent_covered_display": "100.00", "missing_lines": 0, "excluded_lines": 0}, "missing_lines": [], "excluded_lines": []}, "StateManager.get_all_synced_files": {"executed_lines": [191, 192], "summary": {"covered_lines": 2, "num_statements": 2, "percent_covered": 100.0, "percent_covered_display": "100.00", "missing_lines": 0, "excluded_lines": 0}, "missing_lines": [], "excluded_lines": []}, "StateManager.compute_file_hash": {"executed_lines": [207, 208, 209, 211, 212, 213, 214, 215, 216], "summary": {"covered_lines": 9, "num_statements": 9, "percent_covered": 100.0, "percent_covered_display": "100.00", "missing_lines": 0, "excluded_lines": 0}, "missing_lines": [], "excluded_lines": []}, "StateManager.find_changed_files": {"executed_lines": [233, 235, 236, 238, 239, 242, 243, 244, 246, 247, 250, 253, 254, 255, 256, 257, 258, 260, 261], "summary": {"covered_lines": 19, "num_statements": 19, "percent_covered": 100.0, "percent_covered_display": "100.00", "missing_lines": 0, "excluded_lines": 0}, "missing_lines": [], "excluded_lines": []}, "StateManager.find_deleted_files": {"executed_lines": [274, 276, 279, 280, 281, 282, 284, 285, 286, 288, 289], "summary": {"covered_lines": 11, "num_statements": 11, "percent_covered": 100.0, "percent_covered_display": "100.00", "missing_lines": 0, "excluded_lines": 0}, "missing_lines": [], "excluded_lines": []}, "StateManager._is_excluded": {"executed_lines": [304, 305, 306, 307, 308], "summary": {"covered_lines": 5, "num_statements": 5, "percent_covered": 100.0, "percent_covered_display": "100.00", "missing_lines": 0, "excluded_lines": 0}, "missing_lines": [], "excluded_lines": []}, "StateManager.log_sync_action": {"executed_lines": [320, 321, 325], "summary": {"covered_lines": 3, "num_statements": 3, "percent_covered": 100.0, "percent_covered_display": "100.00", "missing_lines": 0, "excluded_lines": 0}, "missing_lines": [], "excluded_lines": []}, "StateManager.get_recent_history": {"executed_lines": [336, 341], "summary": {"covered_lines": 2, "num_statements": 2, "percent_covered": 100.0, "percent_covered_display": "100.00", "missing_lines": 0, "excluded_lines": 0}, "missing_lines": [], "excluded_lines": []}, "StateManager.get_stats": {"executed_lines": [349, 352], "summary": {"covered_lines": 2, "num_statements": 2, "percent_covered": 100.0, "percent_covered_display": "100.00", "missing_lines": 0, "excluded_lines": 0}, "missing_lines": [], "excluded_lines": []}, "StateManager.reset": {"executed_lines": [360, 361, 362, 363, 364], "summary": {"covered_lines": 5, "num_statements": 5, "percent_covered": 100.0, "percent_covered_display": "100.00", "missing_lines": 0, "excluded_lines": 0}, "missing_lines": [], "excluded_lines": []}, "StateManager.close": {"executed_lines": [371, 372, 373], "summary": {"covered_lines": 3, "num_statements": 3, "percent_covered": 100.0, "percent_covered_display": "100.00", "missing_lines": 0, "excluded_lines": 0}, "missing_lines": [], "excluded_lines": []}, "": {"executed_lines": [1, 6, 7, 8, 9, 10, 11, 12, 14, 17, 18, 20, 23, 24, 25, 27, 28, 29, 30, 31, 32, 35, 36, 38, 40, 59, 99, 116, 143, 155, 171, 185, 194, 218, 263, 291, 310, 327, 343, 354, 366], "summary": {"covered_lines": 37, "num_statements": 37, "percent_covered": 100.0, "percent_covered_display": "100.00", "missing_lines": 0, "excluded_lines": 0}, "missing_lines": [], "excluded_lines": []}}, "classes": {"StateError": {"executed_lines": [], "summary": {"covered_lines": 0, "num_statements": 0, "percent_covered": 100.0, "percent_covered_display": "100.00", "missing_lines": 0, "excluded_lines": 0}, "missing_lines": [], "excluded_lines": []}, "SyncRecord": {"executed_lines": [], "summary": {"covered_lines": 0, "num_statements": 0, "percent_covered": 100.0, "percent_covered_display": "100.00", "missing_lines": 0, "excluded_lines": 0}, "missing_lines": [], "excluded_lines": []}, "StateManager": {"executed_lines": [46, 47, 49, 50, 51, 53, 54, 55, 56, 57, 61, 62, 108, 111, 112, 113, 114, 125, 126, 141, 149, 150, 153, 164, 168, 169, 178, 179, 183, 191, 192, 207, 208, 209, 211, 212, 213, 214, 215, 216, 233, 235, 236, 238, 239, 242, 243, 244, 246, 247, 250, 253, 254, 255, 256, 257, 258, 260, 261, 274, 276, 279, 280, 281, 282, 284, 285, 286, 288, 289, 304, 305, 306, 307, 308, 320, 321, 325, 336, 341, 349, 352, 360, 361, 362, 363, 364, 371, 372, 373], "summary": {"covered_lines": 90, "num_statements": 90, "percent_covered": 100.0, "percent_covered_display": "100.00", "missing_lines": 0, "excluded_lines": 0}, "missing_lines": [], "excluded_lines": []}, "": {"executed_lines": [1, 6, 7, 8, 9, 10, 11, 12, 14, 17, 18, 20, 23, 24, 25, 27, 28, 29, 30, 31, 32, 35, 36, 38, 40, 59, 99, 116, 143, 155, 171, 185, 194, 218, 263, 291, 310, 327, 343, 354, 366], "summary": {"covered_lines": 37, "num_statements": 37, "percent_covered": 100.0, "percent_covered_display": "100.00", "missing_lines": 0, "excluded_lines": 0}, "missing_lines": [], "excluded_lines": []}}}, "src/rock_paper_sync/sync_v3.py": {"executed_lines": [1, 7, 8, 9, 10, 11, 12, 14, 16, 19, 20, 22, 29, 30, 31, 32, 35, 36, 37, 39, 40, 41, 42, 43, 45, 50, 51, 57, 69, 73, 90, 108, 131, 152, 171, 210, 228, 290, 335, 395, 469, 497], "summary": {"covered_lines": 38, "num_statements": 209, "percent_covered": 18.181818181818183, "percent_covered_display": "18.18", "missing_lines": 171, "excluded_lines": 0}, "missing_lines": [23, 24, 25, 47, 65, 66, 67, 71, 84, 86, 87, 88, 103, 104, 105, 106, 119, 120, 121, 123, 124, 127, 129, 141, 143, 144, 145, 146, 148, 149, 150, 165, 167, 168, 169, 181, 184, 185, 186, 188, 189, 190, 191, 193, 194, 195, 196, 198, 208, 220, 221, 222, 225, 226, 241, 244, 245, 246, 247, 248, 249, 251, 252, 253, 256, 257, 260, 261, 262, 263, 264, 266, 267, 268, 271, 272, 275, 277, 278, 279, 282, 283, 284, 285, 287, 288, 308, 310, 316, 317, 320, 322, 323, 326, 328, 330, 331, 332, 333, 356, 359, 360, 361, 362, 363, 372, 375, 376, 380, 384, 385, 389, 390, 391, 393, 415, 416, 418, 419, 422, 431, 432, 433, 434, 435, 436, 437, 439, 440, 441, 444, 445, 448, 452, 455, 457, 458, 459, 462, 464, 465, 467, 487, 490, 493, 512, 514, 515, 517, 518, 521, 522, 523, 524, 525, 526, 528, 530, 531, 532, 535, 536, 539, 543, 546, 548, 549, 550, 553, 555, 556], "excluded_lines": [], "functions": {"GenerationConflictError.__init__": {"executed_lines": [], "summary": {"covered_lines": 0, "num_statements": 3, "percent_covered": 0.0, "percent_covered_display": "0.00", "missing_lines": 3, "excluded_lines": 0}, "missing_lines": [23, 24, 25], "excluded_lines": []}, "BlobEntry.to_line": {"executed_lines": [], "summary": {"covered_lines": 0, "num_statements": 1, "percent_covered": 0.0, "percent_covered_display": "0.00", "missing_lines": 1, "excluded_lines": 0}, "missing_lines": [47], "excluded_lines": []}, "SyncV3Client.__init__": {"executed_lines": [], "summary": {"covered_lines": 0, "num_statements": 3, "percent_covered": 0.0, "percent_covered_display": "0.00", "missing_lines": 3, "excluded_lines": 0}, "missing_lines": [65, 66, 67], "excluded_lines": []}, "SyncV3Client._sha256": {"executed_lines": [], "summary": {"covered_lines": 0, "num_statements": 1, "percent_covered": 0.0, "percent_covered_display": "0.00", "missing_lines": 1, "excluded_lines": 0}, "missing_lines": [71], "excluded_lines": []}, "SyncV3Client.upload_blob": {"executed_lines": [], "summary": {"covered_lines": 0, "num_statements": 4, "percent_covered": 0.0, "percent_covered_display": "0.00", "missing_lines": 4, "excluded_lines": 0}, "missing_lines": [84, 86, 87, 88], "excluded_lines": []}, "SyncV3Client.upload_file_as_blob": {"executed_lines": [], "summary": {"covered_lines": 0, "num_statements": 4, "percent_covered": 0.0, "percent_covered_display": "0.00", "missing_lines": 4, "excluded_lines": 0}, "missing_lines": [103, 104, 105, 106], "excluded_lines": []}, "SyncV3Client.upload_index": {"executed_lines": [], "summary": {"covered_lines": 0, "num_statements": 7, "percent_covered": 0.0, "percent_covered_display": "0.00", "missing_lines": 7, "excluded_lines": 0}, "missing_lines": [119, 120, 121, 123, 124, 127, 129], "excluded_lines": []}, "SyncV3Client.get_current_generation": {"executed_lines": [], "summary": {"covered_lines": 0, "num_statements": 8, "percent_covered": 0.0, "percent_covered_display": "0.00", "missing_lines": 8, "excluded_lines": 0}, "missing_lines": [141, 143, 144, 145, 146, 148, 149, 150], "excluded_lines": []}, "SyncV3Client.download_blob": {"executed_lines": [], "summary": {"covered_lines": 0, "num_statements": 4, "percent_covered": 0.0, "percent_covered_display": "0.00", "missing_lines": 4, "excluded_lines": 0}, "missing_lines": [165, 167, 168, 169], "excluded_lines": []}, "SyncV3Client.parse_index": {"executed_lines": [], "summary": {"covered_lines": 0, "num_statements": 14, "percent_covered": 0.0, "percent_covered_display": "0.00", "missing_lines": 14, "excluded_lines": 0}, "missing_lines": [181, 184, 185, 186, 188, 189, 190, 191, 193, 194, 195, 196, 198, 208], "excluded_lines": []}, "SyncV3Client.get_root_documents": {"executed_lines": [], "summary": {"covered_lines": 0, "num_statements": 5, "percent_covered": 0.0, "percent_covered_display": "0.00", "missing_lines": 5, "excluded_lines": 0}, "missing_lines": [220, 221, 222, 225, 226], "excluded_lines": []}, "SyncV3Client.get_document_page_uuids": {"executed_lines": [], "summary": {"covered_lines": 0, "num_statements": 32, "percent_covered": 0.0, "percent_covered_display": "0.00", "missing_lines": 32, "excluded_lines": 0}, "missing_lines": [241, 244, 245, 246, 247, 248, 249, 251, 252, 253, 256, 257, 260, 261, 262, 263, 264, 266, 267, 268, 271, 272, 275, 277, 278, 279, 282, 283, 284, 285, 287, 288], "excluded_lines": []}, "SyncV3Client.update_root": {"executed_lines": [], "summary": {"covered_lines": 0, "num_statements": 13, "percent_covered": 0.0, "percent_covered_display": "0.00", "missing_lines": 13, "excluded_lines": 0}, "missing_lines": [308, 310, 316, 317, 320, 322, 323, 326, 328, 330, 331, 332, 333], "excluded_lines": []}, "SyncV3Client.upload_document_files": {"executed_lines": [], "summary": {"covered_lines": 0, "num_statements": 16, "percent_covered": 0.0, "percent_covered_display": "0.00", "missing_lines": 16, "excluded_lines": 0}, "missing_lines": [356, 359, 360, 361, 362, 363, 372, 375, 376, 380, 384, 385, 389, 390, 391, 393], "excluded_lines": []}, "SyncV3Client.merge_document_into_root": {"executed_lines": [], "summary": {"covered_lines": 0, "num_statements": 27, "percent_covered": 0.0, "percent_covered_display": "0.00", "missing_lines": 27, "excluded_lines": 0}, "missing_lines": [415, 416, 418, 419, 422, 431, 432, 433, 434, 435, 436, 437, 439, 440, 441, 444, 445, 448, 452, 455, 457, 458, 459, 462, 464, 465, 467], "excluded_lines": []}, "SyncV3Client.upload_document": {"executed_lines": [], "summary": {"covered_lines": 0, "num_statements": 3, "percent_covered": 0.0, "percent_covered_display": "0.00", "missing_lines": 3, "excluded_lines": 0}, "missing_lines": [487, 490, 493], "excluded_lines": []}, "SyncV3Client.delete_document": {"executed_lines": [], "summary": {"covered_lines": 0, "num_statements": 26, "percent_covered": 0.0, "percent_covered_display": "0.00", "missing_lines": 26, "excluded_lines": 0}, "missing_lines": [512, 514, 515, 517, 518, 521, 522, 523, 524, 525, 526, 528, 530, 531, 532, 535, 536, 539, 543, 546, 548, 549, 550, 553, 555, 556], "excluded_lines": []}, "": {"executed_lines": [1, 7, 8, 9, 10, 11, 12, 14, 16, 19, 20, 22, 29, 30, 31, 32, 35, 36, 37, 39, 40, 41, 42, 43, 45, 50, 51, 57, 69, 73, 90, 108, 131, 152, 171, 210, 228, 290, 335, 395, 469, 497], "summary": {"covered_lines": 38, "num_statements": 38, "percent_covered": 100.0, "percent_covered_display": "100.00", "missing_lines": 0, "excluded_lines": 0}, "missing_lines": [], "excluded_lines": []}}, "classes": {"GenerationConflictError": {"executed_lines": [], "summary": {"covered_lines": 0, "num_statements": 3, "percent_covered": 0.0, "percent_covered_display": "0.00", "missing_lines": 3, "excluded_lines": 0}, "missing_lines": [23, 24, 25], "excluded_lines": []}, "BlobEntry": {"executed_lines": [], "summary": {"covered_lines": 0, "num_statements": 1, "percent_covered": 0.0, "percent_covered_display": "0.00", "missing_lines": 1, "excluded_lines": 0}, "missing_lines": [47], "excluded_lines": []}, "SyncV3Client": {"executed_lines": [], "summary": {"covered_lines": 0, "num_statements": 167, "percent_covered": 0.0, "percent_covered_display": "0.00", "missing_lines": 167, "excluded_lines": 0}, "missing_lines": [65, 66, 67, 71, 84, 86, 87, 88, 103, 104, 105, 106, 119, 120, 121, 123, 124, 127, 129, 141, 143, 144, 145, 146, 148, 149, 150, 165, 167, 168, 169, 181, 184, 185, 186, 188, 189, 190, 191, 193, 194, 195, 196, 198, 208, 220, 221, 222, 225, 226, 241, 244, 245, 246, 247, 248, 249, 251, 252, 253, 256, 257, 260, 261, 262, 263, 264, 266, 267, 268, 271, 272, 275, 277, 278, 279, 282, 283, 284, 285, 287, 288, 308, 310, 316, 317, 320, 322, 323, 326, 328, 330, 331, 332, 333, 356, 359, 360, 361, 362, 363, 372, 375, 376, 380, 384, 385, 389, 390, 391, 393, 415, 416, 418, 419, 422, 431, 432, 433, 434, 435, 436, 437, 439, 440, 441, 444, 445, 448, 452, 455, 457, 458, 459, 462, 464, 465, 467, 487, 490, 493, 512, 514, 515, 517, 518, 521, 522, 523, 524, 525, 526, 528, 530, 531, 532, 535, 536, 539, 543, 546, 548, 549, 550, 553, 555, 556], "excluded_lines": []}, "": {"executed_lines": [1, 7, 8, 9, 10, 11, 12, 14, 16, 19, 20, 22, 29, 30, 31, 32, 35, 36, 37, 39, 40, 41, 42, 43, 45, 50, 51, 57, 69, 73, 90, 108, 131, 152, 171, 210, 228, 290, 335, 395, 469, 497], "summary": {"covered_lines": 38, "num_statements": 38, "percent_covered": 100.0, "percent_covered_display": "100.00", "missing_lines": 0, "excluded_lines": 0}, "missing_lines": [], "excluded_lines": []}}}, "src/rock_paper_sync/watcher.py": {"executed_lines": [1, 7, 8, 9, 10, 11, 13, 14, 16, 19, 20, 26, 35, 36, 37, 38, 39, 41, 47, 48, 49, 51, 57, 58, 59, 61, 70, 71, 74, 82, 83, 85, 97, 98, 100, 101, 102, 103, 104, 105, 107, 108, 110, 113, 114, 120, 133, 134, 135, 136, 137, 138, 140, 149, 152, 153, 154, 157, 160, 162, 164, 172, 173, 174, 175, 176, 177, 178, 179, 180, 182, 188, 189, 190, 191, 192, 193, 194], "summary": {"covered_lines": 75, "num_statements": 75, "percent_covered": 100.0, "percent_covered_display": "100.00", "missing_lines": 0, "excluded_lines": 0}, "missing_lines": [], "excluded_lines": [], "functions": {"ChangeHandler.__init__": {"executed_lines": [35, 36, 37, 38, 39], "summary": {"covered_lines": 5, "num_statements": 5, "percent_covered": 100.0, "percent_covered_display": "100.00", "missing_lines": 0, "excluded_lines": 0}, "missing_lines": [], "excluded_lines": []}, "ChangeHandler.on_modified": {"executed_lines": [47, 48, 49], "summary": {"covered_lines": 3, "num_statements": 3, "percent_covered": 100.0, "percent_covered_display": "100.00", "missing_lines": 0, "excluded_lines": 0}, "missing_lines": [], "excluded_lines": []}, "ChangeHandler.on_created": {"executed_lines": [57, 58, 59], "summary": {"covered_lines": 3, "num_statements": 3, "percent_covered": 100.0, "percent_covered_display": "100.00", "missing_lines": 0, "excluded_lines": 0}, "missing_lines": [], "excluded_lines": []}, "ChangeHandler.on_deleted": {"executed_lines": [70, 71], "summary": {"covered_lines": 2, "num_statements": 2, "percent_covered": 100.0, "percent_covered_display": "100.00", "missing_lines": 0, "excluded_lines": 0}, "missing_lines": [], "excluded_lines": []}, "ChangeHandler._queue_change": {"executed_lines": [82, 83], "summary": {"covered_lines": 2, "num_statements": 2, "percent_covered": 100.0, "percent_covered_display": "100.00", "missing_lines": 0, "excluded_lines": 0}, "missing_lines": [], "excluded_lines": []}, "ChangeHandler.process_pending": {"executed_lines": [97, 98, 100, 101, 102, 103, 104, 105, 107, 108, 110], "summary": {"covered_lines": 11, "num_statements": 11, "percent_covered": 100.0, "percent_covered_display": "100.00", "missing_lines": 0, "excluded_lines": 0}, "missing_lines": [], "excluded_lines": []}, "VaultWatcher.__init__": {"executed_lines": [133, 134, 135, 136, 137, 138], "summary": {"covered_lines": 6, "num_statements": 6, "percent_covered": 100.0, "percent_covered_display": "100.00", "missing_lines": 0, "excluded_lines": 0}, "missing_lines": [], "excluded_lines": []}, "VaultWatcher.start": {"executed_lines": [149, 152, 153, 154, 157, 160, 162], "summary": {"covered_lines": 7, "num_statements": 7, "percent_covered": 100.0, "percent_covered_display": "100.00", "missing_lines": 0, "excluded_lines": 0}, "missing_lines": [], "excluded_lines": []}, "VaultWatcher._process_loop": {"executed_lines": [172, 173, 174, 175, 176, 177, 178, 179, 180], "summary": {"covered_lines": 9, "num_statements": 9, "percent_covered": 100.0, "percent_covered_display": "100.00", "missing_lines": 0, "excluded_lines": 0}, "missing_lines": [], "excluded_lines": []}, "VaultWatcher.stop": {"executed_lines": [188, 189, 190, 191, 192, 193, 194], "summary": {"covered_lines": 7, "num_statements": 7, "percent_covered": 100.0, "percent_covered_display": "100.00", "missing_lines": 0, "excluded_lines": 0}, "missing_lines": [], "excluded_lines": []}, "": {"executed_lines": [1, 7, 8, 9, 10, 11, 13, 14, 16, 19, 20, 26, 41, 51, 61, 74, 85, 113, 114, 120, 140, 164, 182], "summary": {"covered_lines": 20, "num_statements": 20, "percent_covered": 100.0, "percent_covered_display": "100.00", "missing_lines": 0, "excluded_lines": 0}, "missing_lines": [], "excluded_lines": []}}, "classes": {"ChangeHandler": {"executed_lines": [35, 36, 37, 38, 39, 47, 48, 49, 57, 58, 59, 70, 71, 82, 83, 97, 98, 100, 101, 102, 103, 104, 105, 107, 108, 110], "summary": {"covered_lines": 26, "num_statements": 26, "percent_covered": 100.0, "percent_covered_display": "100.00", "missing_lines": 0, "excluded_lines": 0}, "missing_lines": [], "excluded_lines": []}, "VaultWatcher": {"executed_lines": [133, 134, 135, 136, 137, 138, 149, 152, 153, 154, 157, 160, 162, 172, 173, 174, 175, 176, 177, 178, 179, 180, 188, 189, 190, 191, 192, 193, 194], "summary": {"covered_lines": 29, "num_statements": 29, "percent_covered": 100.0, "percent_covered_display": "100.00", "missing_lines": 0, "excluded_lines": 0}, "missing_lines": [], "excluded_lines": []}, "": {"executed_lines": [1, 7, 8, 9, 10, 11, 13, 14, 16, 19, 20, 26, 41, 51, 61, 74, 85, 113, 114, 120, 140, 164, 182], "summary": {"covered_lines": 20, "num_statements": 20, "percent_covered": 100.0, "percent_covered_display": "100.00", "missing_lines": 0, "excluded_lines": 0}, "missing_lines": [], "excluded_lines": []}}}}, "totals": {"covered_lines": 1012, "num_statements": 1310, "percent_covered": 77.25190839694656, "percent_covered_display": "77.25", "missing_lines": 298, "excluded_lines": 63}}